<?xml version="1.0" encoding="UTF-8"?>
<!-- Generated by org.testng.reporters.JUnitReportReporter -->
<testsuite hostname="DESKTOP-UM7UJ0V" failures="0" tests="1" name="practice_smart_buy.opensooq" time="2.448" errors="0" timestamp="2022-12-01T16:04:16 EET" skipped="0">
  <testcase classname="practice_smart_buy.opensooq" name="check_the_items" time="2.448"/>
  <system-out/>
</testsuite> <!-- practice_smart_buy.opensooq -->
